20:48:15.266 [main] DEBUG org.apache.poi.openxml4j.opc.PackageRelationshipCollection - Parsing relationship: /xl/_rels/workbook.xml.rels
20:48:15.272 [main] DEBUG org.apache.poi.openxml4j.opc.PackageRelationshipCollection - Parsing relationship: /xl/worksheets/_rels/sheet1.xml.rels
20:48:15.273 [main] DEBUG org.apache.poi.openxml4j.opc.PackageRelationshipCollection - Parsing relationship: /_rels/.rels
20:48:15.291 [main] DEBUG org.apache.poi.ooxml.POIXMLFactory - using default POIXMLDocumentPart for http://schemas.openxmlformats.org/officeDocument/2006/relationships/printerSettings
20:48:15.315 [main] DEBUG org.apache.poi.openxml4j.opc.PackageRelationshipCollection - Parsing relationship: /xl/_rels/workbook.xml.rels
20:48:15.316 [main] DEBUG org.apache.poi.openxml4j.opc.PackageRelationshipCollection - Parsing relationship: /xl/worksheets/_rels/sheet1.xml.rels
20:48:15.317 [main] DEBUG org.apache.poi.openxml4j.opc.PackageRelationshipCollection - Parsing relationship: /_rels/.rels
20:48:15.334 [main] DEBUG org.apache.poi.ooxml.POIXMLFactory - using default POIXMLDocumentPart for http://schemas.openxmlformats.org/officeDocument/2006/relationships/printerSettings
20:48:15.480 [main] DEBUG org.apache.poi.openxml4j.opc.PackageRelationshipCollection - Parsing relationship: /xl/_rels/workbook.xml.rels
20:48:15.485 [main] DEBUG org.apache.poi.openxml4j.opc.PackageRelationshipCollection - Parsing relationship: /xl/worksheets/_rels/sheet1.xml.rels
20:48:15.490 [main] DEBUG org.apache.poi.openxml4j.opc.PackageRelationshipCollection - Parsing relationship: /_rels/.rels
20:48:15.510 [main] DEBUG org.apache.poi.ooxml.POIXMLFactory - using default POIXMLDocumentPart for http://schemas.openxmlformats.org/officeDocument/2006/relationships/printerSettings
20:48:15.541 [main] DEBUG org.apache.poi.openxml4j.opc.PackageRelationshipCollection - Parsing relationship: /xl/_rels/workbook.xml.rels
20:48:15.544 [main] DEBUG org.apache.poi.openxml4j.opc.PackageRelationshipCollection - Parsing relationship: /xl/worksheets/_rels/sheet1.xml.rels
20:48:15.547 [main] DEBUG org.apache.poi.openxml4j.opc.PackageRelationshipCollection - Parsing relationship: /_rels/.rels
20:48:15.568 [main] DEBUG org.apache.poi.ooxml.POIXMLFactory - using default POIXMLDocumentPart for http://schemas.openxmlformats.org/officeDocument/2006/relationships/printerSettings
20:48:15.600 [main] DEBUG org.apache.poi.openxml4j.opc.PackageRelationshipCollection - Parsing relationship: /xl/_rels/workbook.xml.rels
20:48:15.601 [main] DEBUG org.apache.poi.openxml4j.opc.PackageRelationshipCollection - Parsing relationship: /xl/worksheets/_rels/sheet1.xml.rels
20:48:15.604 [main] DEBUG org.apache.poi.openxml4j.opc.PackageRelationshipCollection - Parsing relationship: /_rels/.rels
20:48:15.626 [main] DEBUG org.apache.poi.ooxml.POIXMLFactory - using default POIXMLDocumentPart for http://schemas.openxmlformats.org/officeDocument/2006/relationships/printerSettings
20:48:15.652 [main] DEBUG org.apache.poi.openxml4j.opc.PackageRelationshipCollection - Parsing relationship: /xl/_rels/workbook.xml.rels
20:48:15.654 [main] DEBUG org.apache.poi.openxml4j.opc.PackageRelationshipCollection - Parsing relationship: /xl/worksheets/_rels/sheet1.xml.rels
20:48:15.657 [main] DEBUG org.apache.poi.openxml4j.opc.PackageRelationshipCollection - Parsing relationship: /_rels/.rels
20:48:15.677 [main] DEBUG org.apache.poi.ooxml.POIXMLFactory - using default POIXMLDocumentPart for http://schemas.openxmlformats.org/officeDocument/2006/relationships/printerSettings
20:48:15.732 [main] INFO  testCases.TC003_LoginDataDrivenTest - **** Starting of TC003_LoginFDataDrivenTest Test ****
20:48:19.453 [main] INFO  testCases.TC003_LoginDataDrivenTest - **** Finished of TC003_LoginFDataDrivenTest Test ****
20:48:19.496 [main] INFO  testCases.TC003_LoginDataDrivenTest - **** Starting of TC003_LoginFDataDrivenTest Test ****
20:48:22.260 [main] INFO  testCases.TC003_LoginDataDrivenTest - **** Starting of TC003_LoginFDataDrivenTest Test ****
20:48:33.930 [main] INFO  testCases.TC003_LoginDataDrivenTest - **** Finished of TC003_LoginFDataDrivenTest Test ****
20:48:33.962 [main] INFO  testCases.TC003_LoginDataDrivenTest - **** Starting of TC003_LoginFDataDrivenTest Test ****
20:48:46.085 [main] INFO  testCases.TC003_LoginDataDrivenTest - **** Finished of TC003_LoginFDataDrivenTest Test ****
20:48:46.090 [main] INFO  testCases.TC003_LoginDataDrivenTest - **** Starting of TC003_LoginFDataDrivenTest Test ****
20:48:48.847 [main] INFO  testCases.TC003_LoginDataDrivenTest - **** Finished of TC003_LoginFDataDrivenTest Test ****
20:50:02.870 [main] DEBUG org.testng.TestNG - suiteXmlPath: "D:\Automation\Selenium_with_Java\OpenCartV1\crossbrowsertesting.xml"
20:50:03.195 [main] INFO  org.testng.internal.Utils - [TestNG] Running:
  D:\Automation\Selenium_with_Java\OpenCartV1\crossbrowsertesting.xml

20:50:03.472 [TestNG-tests-3] INFO  testCases.TC001_AccountRegistrationTest - ****TC001_AccountRegistrationTest started****
